*김선화강사님
* VUE 등 - MVC패턴
* React - lib(framework아님,view만 있음), 태그(==node)의 component(조각)화 <-API(기능)내장되어있음.
렌더링: render(){}, 리렌더링- DOM에서 비교 by virtualDOM ->update(1.전제UI를 virtual DOM에 복사=리렌더링 2.1과 현재를비교 3.바뀐 부분을 delete후 insert)
DOM: xml or html 즉  정적임, 객체임, js와 css 적용, 트리
Node: 브라우저 밖포함 js실행(ex)import ~ ), 웹팩 or Parcel(모듈화된코드 한파일로-Bundling,수정때마다 리로딩), Barbel: es6 ->es5 (crossBrowsing하려고), npm(재사용가능한코드 즉 Package 설치및버전관리), yarn(npm보다빠름, 캐시등 기타기능있음)

*yarn 설치: npm install —global yarn
yarn --version

*VSC install : ESlint(js문법,스타일검사), Reactjs code snippets(React용 컴포넌트,lifeCycle등 작성시 단축단어 자동생성 스니펫 모음), 
Prettier - Code formatter, Korean Language Pack for Visual Studio Code

* git-bash -> yarn create react-app hello-react
-> cd -> yarn start(localhost:3000)

* npm&npx차이 https://hanamon.kr/npm-npx-%ec%b0%a8%ec%9d%b4/
* JS연습용 https://jsbin.com/?html,output 


* JSX : js+xml, 정식js아니라서 es5로 변환(Barbel)

*.prettierrc 작성, 설정 ->Format on Save + Default Formatter 확인, https://prettier.io/docs/en/options.html 
{
    "singleQuote": true,
    "semi": true,
    "useTabs": false,
    "tabWidth": 2
}

* [1]-3 Component. function,prototype vs Class (es5 vs es6)
eg-es5) 장점: 선언이쉬움,메모리덜사용->속도빠름, build속도가빠름 -> '훅'개발로 단점극복
function Dog(name){
  this.name = name;
}
Dog.prototype.say = function(){
  console.log(this.name + ": "+ "멍멍~~");
}
eg-es6) 장점: API사용이 쉬움(extends)
class Dog{
  constructor(name){
    this.name = name;
  }
  say(){
    console.log(this.name + ": "+ "멍멍~~");
  }
}
const dog = new Dog("흰둥이");
dog.say();


*rsc+tab : function형자동생성

* 화살표함수와 일반함수 차이 :this
function ColourDog(){
  this.name = "white dog";
  return {
    name:"black dog",
    bark:function(){
      console.log(this); //this는 ColourDog전체?, window나옴
      console.log(this.name + ": 멍멍~~"); //black dog
    }
  }
}

function ColourDog(){
  this.name = "white dog";
  return {
    name:"black dog",
    bark:()=>{
      console.log(this);  //this는 instance 
      console.log(this.name + ": 멍멍~~");  //white dog
    }
  }
}
const colourDog = new ColourDog(); //instance
colourDog.bark();






